[01m[K/home/yong/ws_kari/ROS2_Test/src/srv_test/src/client_node.cpp:[m[K In member function ‚Äò[01m[Kvoid ClientNode::send_request()[m[K‚Äô:
[01m[K/home/yong/ws_kari/ROS2_Test/src/srv_test/src/client_node.cpp:41:25:[m[K [01;31m[Kerror: [m[K‚Äò[01m[Kname[m[K‚Äô was not declared in this scope; did you mean ‚Äò[01m[Krosidl_generator_traits::name[m[K‚Äô?
   41 |         request->name = [01;31m[Kname[m[K;  // ÏöîÏ≤≠ Î©îÏãúÏßÄÏóê Ïù¥Î¶ÑÏùÑ ÏÑ§Ï†ïÌï©ÎãàÎã§.
      |                         [01;31m[K^~~~[m[K
      |                         [32m[Krosidl_generator_traits::name[m[K
In file included from [01m[K/opt/ros/humble/include/builtin_interfaces/builtin_interfaces/msg/detail/duration__traits.hpp:15[m[K,
                 from [01m[K/opt/ros/humble/include/builtin_interfaces/builtin_interfaces/msg/duration.hpp:9[m[K,
                 from [01m[K/opt/ros/humble/include/rclcpp/rclcpp/duration.hpp:20[m[K,
                 from [01m[K/opt/ros/humble/include/rclcpp/rclcpp/qos.hpp:20[m[K,
                 from [01m[K/opt/ros/humble/include/rclcpp/rclcpp/node_interfaces/node_graph_interface.hpp:32[m[K,
                 from [01m[K/opt/ros/humble/include/rclcpp/rclcpp/client.hpp:42[m[K,
                 from [01m[K/opt/ros/humble/include/rclcpp/rclcpp/callback_group.hpp:24[m[K,
                 from [01m[K/opt/ros/humble/include/rclcpp/rclcpp/any_executable.hpp:20[m[K,
                 from [01m[K/opt/ros/humble/include/rclcpp/rclcpp/memory_strategy.hpp:25[m[K,
                 from [01m[K/opt/ros/humble/include/rclcpp/rclcpp/memory_strategies.hpp:18[m[K,
                 from [01m[K/opt/ros/humble/include/rclcpp/rclcpp/executor_options.hpp:20[m[K,
                 from [01m[K/opt/ros/humble/include/rclcpp/rclcpp/executor.hpp:37[m[K,
                 from [01m[K/opt/ros/humble/include/rclcpp/rclcpp/executors/multi_threaded_executor.hpp:25[m[K,
                 from [01m[K/opt/ros/humble/include/rclcpp/rclcpp/executors.hpp:21[m[K,
                 from [01m[K/opt/ros/humble/include/rclcpp/rclcpp/rclcpp.hpp:155[m[K,
                 from [01m[K/home/yong/ws_kari/ROS2_Test/src/srv_test/src/client_node.cpp:1[m[K:
[01m[K/opt/ros/humble/include/rosidl_runtime_cpp/rosidl_runtime_cpp/traits.hpp:155:21:[m[K [01;36m[Knote: [m[K‚Äò[01m[Krosidl_generator_traits::name[m[K‚Äô declared here
  155 | inline const char * [01;36m[Kname[m[K();
      |                     [01;36m[K^~~~[m[K
gmake[2]: *** [CMakeFiles/client_node.dir/build.make:76: CMakeFiles/client_node.dir/src/client_node.cpp.o] Error 1
gmake[1]: *** [CMakeFiles/Makefile2:139: CMakeFiles/client_node.dir/all] Error 2
gmake: *** [Makefile:146: all] Error 2
