-- Found ament_cmake: 1.3.7 (/opt/ros/humble/share/ament_cmake/cmake)
-- Found rclcpp: 16.0.8 (/opt/ros/humble/share/rclcpp/cmake)
-- Found rosidl_generator_c: 3.1.5 (/opt/ros/humble/share/rosidl_generator_c/cmake)
-- Found rosidl_adapter: 3.1.5 (/opt/ros/humble/share/rosidl_adapter/cmake)
-- Found rosidl_generator_cpp: 3.1.5 (/opt/ros/humble/share/rosidl_generator_cpp/cmake)
-- Using all available rosidl_typesupport_c: rosidl_typesupport_fastrtps_c;rosidl_typesupport_introspection_c
-- Using all available rosidl_typesupport_cpp: rosidl_typesupport_fastrtps_cpp;rosidl_typesupport_introspection_cpp
-- Found rmw_implementation_cmake: 6.1.1 (/opt/ros/humble/share/rmw_implementation_cmake/cmake)
-- Found rmw_fastrtps_cpp: 6.2.6 (/opt/ros/humble/share/rmw_fastrtps_cpp/cmake)
-- Using RMW implementation 'rmw_fastrtps_cpp' as default
-- Found custom_interfaces: 0.1.0 (/home/yong/ws_kari/ROS2_Test/install/custom_interfaces/share/custom_interfaces/cmake)
-- Configuring done
-- Generating done
-- Build files have been written to: /home/yong/ws_kari/ROS2_Test/build/srv_test
[35m[1mConsolidate compiler generated dependencies of target client_node[0m
[35m[1mConsolidate compiler generated dependencies of target server_node[0m
[ 50%] Built target client_node
[ 75%] [32mBuilding CXX object CMakeFiles/server_node.dir/src/server_node.cpp.o[0m
[01m[K/home/yong/ws_kari/ROS2_Test/src/srv_test/src/server_node.cpp:[m[K In member function â€˜[01m[Kvoid ServerNode::publish_subscriber_list()[m[Kâ€™:
[01m[K/home/yong/ws_kari/ROS2_Test/src/srv_test/src/server_node.cpp:60:58:[m[K [01;31m[Kerror: [m[Kinvalid operands of types â€˜[01m[Kconst char*[m[Kâ€™ and â€˜[01m[Kconst char [3][m[Kâ€™ to binary â€˜[01m[Koperator+[m[Kâ€™
   60 |             message.data += [32m[Ksubscriber->get_topic_name()[m[K [01;31m[K+[m[K [34m[K", "[m[K;
      |                             [32m[K~~~~~~~~~~~~~~~~~~~~~~~~~~~~[m[K [01;31m[K^[m[K [34m[K~~~~[m[K
      |                                                       [32m[K|[m[K    [34m[K|[m[K
      |                                                       [32m[K|[m[K    [34m[Kconst char [3][m[K
      |                                                       [32m[Kconst char*[m[K
gmake[2]: *** [CMakeFiles/server_node.dir/build.make:76: CMakeFiles/server_node.dir/src/server_node.cpp.o] Error 1
gmake[1]: *** [CMakeFiles/Makefile2:165: CMakeFiles/server_node.dir/all] Error 2
gmake: *** [Makefile:146: all] Error 2
