[35m[1mConsolidate compiler generated dependencies of target client_node[0m
[ 50%] Built target service_node
[ 75%] [32mBuilding CXX object CMakeFiles/client_node.dir/src/client_node.cpp.o[0m
In file included from [01m[K/opt/ros/humble/include/rclcpp/rclcpp/logging.hpp:24[m[K,
                 from [01m[K/opt/ros/humble/include/rclcpp/rclcpp/client.hpp:40[m[K,
                 from [01m[K/opt/ros/humble/include/rclcpp/rclcpp/callback_group.hpp:24[m[K,
                 from [01m[K/opt/ros/humble/include/rclcpp/rclcpp/any_executable.hpp:20[m[K,
                 from [01m[K/opt/ros/humble/include/rclcpp/rclcpp/memory_strategy.hpp:25[m[K,
                 from [01m[K/opt/ros/humble/include/rclcpp/rclcpp/memory_strategies.hpp:18[m[K,
                 from [01m[K/opt/ros/humble/include/rclcpp/rclcpp/executor_options.hpp:20[m[K,
                 from [01m[K/opt/ros/humble/include/rclcpp/rclcpp/executor.hpp:37[m[K,
                 from [01m[K/opt/ros/humble/include/rclcpp/rclcpp/executors/multi_threaded_executor.hpp:25[m[K,
                 from [01m[K/opt/ros/humble/include/rclcpp/rclcpp/executors.hpp:21[m[K,
                 from [01m[K/opt/ros/humble/include/rclcpp/rclcpp/rclcpp.hpp:155[m[K,
                 from [01m[K/home/yong/ws_kari/ROS2_Test/src/srv_test/src/client_node.cpp:1[m[K:
[01m[K/home/yong/ws_kari/ROS2_Test/src/srv_test/src/client_node.cpp:[m[K In member function â€˜[01m[Kvoid ClientNode::try_send_request()[m[Kâ€™:
[01m[K/home/yong/ws_kari/ROS2_Test/src/srv_test/src/client_node.cpp:44:65:[m[K [01;31m[Kerror: [m[Krequest for member â€˜[01m[Kc_str[m[Kâ€™ in â€˜[01m[K((ClientNode*)this)->ClientNode::<anonymous>.rclcpp::Node::get_name()[m[Kâ€™, which is of non-class type â€˜[01m[Kconst char*[m[Kâ€™
   44 |                         this->now().seconds(), this->get_name().[01;31m[Kc_str[m[K());
      |                                                                 [01;31m[K^~~~~[m[K
[01m[K/home/yong/ws_kari/ROS2_Test/src/srv_test/src/client_node.cpp:[m[K In member function â€˜[01m[Kvoid ClientNode::handle_service_response(rclcpp::Client<custom_interfaces::srv::CheckName>::SharedFuture)[m[Kâ€™:
[01m[K/home/yong/ws_kari/ROS2_Test/src/srv_test/src/client_node.cpp:71:61:[m[K [01;31m[Kerror: [m[Krequest for member â€˜[01m[Kc_str[m[Kâ€™ in â€˜[01m[K((ClientNode*)this)->ClientNode::<anonymous>.rclcpp::Node::get_name()[m[Kâ€™, which is of non-class type â€˜[01m[Kconst char*[m[Kâ€™
   71 |                     this->now().seconds(), this->get_name().[01;31m[Kc_str[m[K(), response->response.c_str());
      |                                                             [01;31m[K^~~~~[m[K
[01m[K/home/yong/ws_kari/ROS2_Test/src/srv_test/src/client_node.cpp:[m[K In member function â€˜[01m[Kvoid ClientNode::uav_status_callback(custom_interfaces::msg::Status_<std::allocator<void> >::SharedPtr)[m[Kâ€™:
[01m[K/home/yong/ws_kari/ROS2_Test/src/srv_test/src/client_node.cpp:78:61:[m[K [01;31m[Kerror: [m[Krequest for member â€˜[01m[Kc_str[m[Kâ€™ in â€˜[01m[K((ClientNode*)this)->ClientNode::<anonymous>.rclcpp::Node::get_name()[m[Kâ€™, which is of non-class type â€˜[01m[Kconst char*[m[Kâ€™
   78 |                     this->now().seconds(), this->get_name().[01;31m[Kc_str[m[K(), msg->num);
      |                                                             [01;31m[K^~~~~[m[K
gmake[2]: *** [CMakeFiles/client_node.dir/build.make:76: CMakeFiles/client_node.dir/src/client_node.cpp.o] Error 1
gmake[1]: *** [CMakeFiles/Makefile2:139: CMakeFiles/client_node.dir/all] Error 2
gmake: *** [Makefile:146: all] Error 2
