[01m[K/home/yong/ws_kari/ROS2_Test/src/srv_test/src/server.cpp:[m[K In constructor â€˜[01m[KServerNode::ServerNode()[m[Kâ€™:
[01m[K/home/yong/ws_kari/ROS2_Test/src/srv_test/src/server.cpp:22:9:[m[K [01;31m[Kerror: [m[Kâ€˜[01m[Kvehicle_states_publisher_[m[Kâ€™ was not declared in this scope; did you mean â€˜[01m[Kstates_publisher_[m[Kâ€™?
   22 |         [01;31m[Kvehicle_states_publisher_[m[K = this->create_publisher<std_msgs::msg::String>("vehicle_states", 10);
      |         [01;31m[K^~~~~~~~~~~~~~~~~~~~~~~~~[m[K
      |         [32m[Kstates_publisher_[m[K
[01m[K/home/yong/ws_kari/ROS2_Test/src/srv_test/src/server.cpp:[m[K In member function â€˜[01m[Kvoid ServerNode::handle_request(std::shared_ptr<custom_interfaces::srv::CheckName_Request_<std::allocator<void> > >, std::shared_ptr<custom_interfaces::srv::CheckName_Response_<std::allocator<void> > >)[m[Kâ€™:
[01m[K/home/yong/ws_kari/ROS2_Test/src/srv_test/src/server.cpp:49:9:[m[K [01;31m[Kerror: [m[Kâ€˜[01m[Ksubscribers_[m[Kâ€™ was not declared in this scope; did you mean â€˜[01m[Ksubscriber[m[Kâ€™?
   49 |         [01;31m[Ksubscribers_[m[K.push_back(subscriber);
      |         [01;31m[K^~~~~~~~~~~~[m[K
      |         [32m[Ksubscriber[m[K
gmake[2]: *** [CMakeFiles/server.dir/build.make:76: CMakeFiles/server.dir/src/server.cpp.o] Error 1
gmake[1]: *** [CMakeFiles/Makefile2:221: CMakeFiles/server.dir/all] Error 2
gmake: *** [Makefile:146: all] Error 2
