[0.219s] Invoking command in '/home/yong/ws_kari/ROS2_Test/build/custom_interfaces': CMAKE_PREFIX_PATH=${CMAKE_PREFIX_PATH}:/opt/ros/humble /usr/bin/cmake --build /home/yong/ws_kari/ROS2_Test/build/custom_interfaces -- -j16 -l16
[0.297s] -- Found ament_cmake: 1.3.7 (/opt/ros/humble/share/ament_cmake/cmake)
[0.462s] -- Override CMake install command with custom implementation using symlinks instead of copying resources
[0.493s] -- Found rclcpp: 16.0.8 (/opt/ros/humble/share/rclcpp/cmake)
[0.550s] -- Found rosidl_generator_c: 3.1.5 (/opt/ros/humble/share/rosidl_generator_c/cmake)
[0.557s] -- Found rosidl_adapter: 3.1.5 (/opt/ros/humble/share/rosidl_adapter/cmake)
[0.568s] -- Found rosidl_generator_cpp: 3.1.5 (/opt/ros/humble/share/rosidl_generator_cpp/cmake)
[0.584s] -- Using all available rosidl_typesupport_c: rosidl_typesupport_fastrtps_c;rosidl_typesupport_introspection_c
[0.605s] -- Using all available rosidl_typesupport_cpp: rosidl_typesupport_fastrtps_cpp;rosidl_typesupport_introspection_cpp
[0.688s] -- Found rmw_implementation_cmake: 6.1.1 (/opt/ros/humble/share/rmw_implementation_cmake/cmake)
[0.692s] -- Found rmw_fastrtps_cpp: 6.2.6 (/opt/ros/humble/share/rmw_fastrtps_cpp/cmake)
[0.868s] -- Using RMW implementation 'rmw_fastrtps_cpp' as default
[1.072s] -- Found rosidl_default_generators: 1.2.0 (/opt/ros/humble/share/rosidl_default_generators/cmake)
[1.087s] -- Found geometry_msgs: 4.2.3 (/opt/ros/humble/share/geometry_msgs/cmake)
[1.443s] [31mCMake Error at /opt/ros/humble/share/rosidl_adapter/cmake/rosidl_adapt_interfaces.cmake:59 (message):
[1.443s]   execute_process(/usr/bin/python3.10 -m rosidl_adapter --package-name
[1.443s]   custom_interfaces --arguments-file
[1.443s]   /home/yong/ws_kari/ROS2_Test/build/custom_interfaces/rosidl_adapter__arguments__custom_interfaces.json
[1.443s]   --output-dir
[1.443s]   /home/yong/ws_kari/ROS2_Test/build/custom_interfaces/rosidl_adapter/custom_interfaces
[1.443s]   --output-file
[1.443s]   /home/yong/ws_kari/ROS2_Test/build/custom_interfaces/rosidl_adapter/custom_interfaces.idls)
[1.444s]   returned error code 1:
[1.444s] 
[1.444s]   Traceback (most recent call last):
[1.444s] 
[1.444s]     File "/usr/lib/python3.10/runpy.py", line 196, in _run_module_as_main
[1.444s]       return _run_code(code, main_globals, None,
[1.444s]     File "/usr/lib/python3.10/runpy.py", line 86, in _run_code
[1.444s]       exec(code, run_globals)
[1.444s]     File "/opt/ros/humble/local/lib/python3.10/dist-packages/rosidl_adapter/__main__.py", line 19, in <module>
[1.444s]       sys.exit(main())
[1.444s]     File "/opt/ros/humble/local/lib/python3.10/dist-packages/rosidl_adapter/main.py", line 53, in main
[1.445s]       abs_idl_file = convert_to_idl(
[1.445s]     File "/opt/ros/humble/local/lib/python3.10/dist-packages/rosidl_adapter/__init__.py", line 19, in convert_to_idl
[1.445s]       return convert_msg_to_idl(
[1.445s]     File "/opt/ros/humble/local/lib/python3.10/dist-packages/rosidl_adapter/msg/__init__.py", line 28, in convert_msg_to_idl
[1.445s]       msg = parse_message_string(package_name, input_file.stem, content)
[1.445s]     File "/opt/ros/humble/local/lib/python3.10/dist-packages/rosidl_adapter/parser.py", line 544, in parse_message_string
[1.445s]       msg = MessageSpecification(pkg_name, msg_name, fields, constants)
[1.445s]     File "/opt/ros/humble/local/lib/python3.10/dist-packages/rosidl_adapter/parser.py", line 388, in __init__
[1.445s]       self.base_type = BaseType(
[1.445s]     File "/opt/ros/humble/local/lib/python3.10/dist-packages/rosidl_adapter/parser.py", line 205, in __init__
[1.445s]       raise InvalidResourceName(
[1.446s] 
[1.446s]   rosidl_adapter.parser.InvalidResourceName: 'auction_info' is an invalid
[1.446s]   message name.  It should have the pattern '^[A-Z][A-Za-z0-9]*$'
[1.446s] 
[1.446s] Call Stack (most recent call first):
[1.446s]   /opt/ros/humble/share/rosidl_cmake/cmake/rosidl_generate_interfaces.cmake:130 (rosidl_adapt_interfaces)
[1.446s]   CMakeLists.txt:18 (rosidl_generate_interfaces)
[1.446s] 
[1.446s] [0m
[1.446s] -- Configuring incomplete, errors occurred!
[1.446s] See also "/home/yong/ws_kari/ROS2_Test/build/custom_interfaces/CMakeFiles/CMakeOutput.log".
[1.459s] gmake: *** [Makefile:1179: cmake_check_build_system] Error 1
[1.463s] Invoked command in '/home/yong/ws_kari/ROS2_Test/build/custom_interfaces' returned '2': CMAKE_PREFIX_PATH=${CMAKE_PREFIX_PATH}:/opt/ros/humble /usr/bin/cmake --build /home/yong/ws_kari/ROS2_Test/build/custom_interfaces -- -j16 -l16
