[0.060s] Invoking command in '/home/yong/ws_kari/ROS2_Test/build/srv_test': CMAKE_PREFIX_PATH=/home/yong/ws_kari/ROS2_Test/install/custom_interfaces:/home/yong/ws_kari/ROS2_Test/install/srv_test:/home/yong/ws_kari/ROS2_Test/install/multi_agent_comm:/home/yong/ws_kari/ROS2_Test/install/cbba:/opt/ros/humble LD_LIBRARY_PATH=/home/yong/ws_kari/ROS2_Test/install/custom_interfaces/lib:/home/yong/ws_kari/ROS2_Test/install/multi_agent_comm/lib:/opt/ros/humble/opt/rviz_ogre_vendor/lib:/opt/ros/humble/lib/x86_64-linux-gnu:/opt/ros/humble/lib /usr/bin/cmake --build /home/yong/ws_kari/ROS2_Test/build/srv_test -- -j16 -l16
[0.100s] [35m[1mConsolidate compiler generated dependencies of target client_node[0m
[0.113s] [ 50%] Built target service_node
[0.119s] [ 75%] [32mBuilding CXX object CMakeFiles/client_node.dir/src/client_node.cpp.o[0m
[1.994s] [01m[K/home/yong/ws_kari/ROS2_Test/src/srv_test/src/client_node.cpp:[m[K In constructor ‚Äò[01m[KClientNode::ClientNode(const string&)[m[K‚Äô:
[1.994s] [01m[K/home/yong/ws_kari/ROS2_Test/src/srv_test/src/client_node.cpp:14:56:[m[K [01;31m[Kerror: [m[K‚Äò[01m[Ki[m[K‚Äô was not declared in this scope
[1.994s]    14 |         std::string topic_name = "UV" + std::to_string([01;31m[Ki[m[K) + "_status";
[1.994s]       |                                                        [01;31m[K^[m[K
[2.009s] [01m[K/home/yong/ws_kari/ROS2_Test/src/srv_test/src/client_node.cpp:[m[K In function ‚Äò[01m[Kint main(int, char**)[m[K‚Äô:
[2.009s] [01m[K/home/yong/ws_kari/ROS2_Test/src/srv_test/src/client_node.cpp:78:9:[m[K [01;35m[Kwarning: [m[Kunused variable ‚Äò[01m[Kinstance[m[K‚Äô [[01;35m[K]8;;https://gcc.gnu.org/onlinedocs/gcc/Warning-Options.html#index-Wunused-variable-Wunused-variable]8;;[m[K]
[2.009s]    78 |     int [01;35m[Kinstance[m[K = std::atoi(argv[2]); // Ïù∏Ïä§ÌÑ¥Ïä§ Î≤àÌò∏ ÌååÏã±
[2.009s]       |         [01;35m[K^~~~~~~~[m[K
[2.604s] In file included from [01m[K/usr/include/x86_64-linux-gnu/c++/11/bits/c++allocator.h:33[m[K,
[2.604s]                  from [01m[K/usr/include/c++/11/bits/allocator.h:46[m[K,
[2.604s]                  from [01m[K/usr/include/c++/11/memory:64[m[K,
[2.605s]                  from [01m[K/opt/ros/humble/include/rclcpp/rclcpp/rclcpp.hpp:153[m[K,
[2.605s]                  from [01m[K/home/yong/ws_kari/ROS2_Test/src/srv_test/src/client_node.cpp:1[m[K:
[2.605s] /usr/include/c++/11/ext/new_allocator.h: In instantiation of ‚Äò[01m[Kvoid __gnu_cxx::new_allocator<_Tp>::construct(_Up*, _Args&& ...) [with _Up = ClientNode; _Args = {std::__cxx11::basic_string<char, std::char_traits<char>, std::allocator<char> >&, int&}; _Tp = ClientNode][m[K‚Äô:
[2.605s] [01m[K/usr/include/c++/11/bits/alloc_traits.h:516:17:[m[K   required from ‚Äò[01m[Kstatic void std::allocator_traits<std::allocator<_Tp1> >::construct(std::allocator_traits<std::allocator<_Tp1> >::allocator_type&, _Up*, _Args&& ...) [with _Up = ClientNode; _Args = {std::__cxx11::basic_string<char, std::char_traits<char>, std::allocator<char> >&, int&}; _Tp = ClientNode; std::allocator_traits<std::allocator<_Tp1> >::allocator_type = std::allocator<ClientNode>][m[K‚Äô
[2.605s] [01m[K/usr/include/c++/11/bits/shared_ptr_base.h:519:39:[m[K   required from ‚Äò[01m[Kstd::_Sp_counted_ptr_inplace<_Tp, _Alloc, _Lp>::_Sp_counted_ptr_inplace(_Alloc, _Args&& ...) [with _Args = {std::__cxx11::basic_string<char, std::char_traits<char>, std::allocator<char> >&, int&}; _Tp = ClientNode; _Alloc = std::allocator<ClientNode>; __gnu_cxx::_Lock_policy _Lp = __gnu_cxx::_S_atomic][m[K‚Äô
[2.605s] [01m[K/usr/include/c++/11/bits/shared_ptr_base.h:650:16:[m[K   required from ‚Äò[01m[Kstd::__shared_count<_Lp>::__shared_count(_Tp*&, std::_Sp_alloc_shared_tag<_Alloc>, _Args&& ...) [with _Tp = ClientNode; _Alloc = std::allocator<ClientNode>; _Args = {std::__cxx11::basic_string<char, std::char_traits<char>, std::allocator<char> >&, int&}; __gnu_cxx::_Lock_policy _Lp = __gnu_cxx::_S_atomic][m[K‚Äô
[2.605s] [01m[K/usr/include/c++/11/bits/shared_ptr_base.h:1342:14:[m[K   required from ‚Äò[01m[Kstd::__shared_ptr<_Tp, _Lp>::__shared_ptr(std::_Sp_alloc_shared_tag<_Tp>, _Args&& ...) [with _Alloc = std::allocator<ClientNode>; _Args = {std::__cxx11::basic_string<char, std::char_traits<char>, std::allocator<char> >&, int&}; _Tp = ClientNode; __gnu_cxx::_Lock_policy _Lp = __gnu_cxx::_S_atomic][m[K‚Äô
[2.605s] [01m[K/usr/include/c++/11/bits/shared_ptr.h:409:59:[m[K   required from ‚Äò[01m[Kstd::shared_ptr<_Tp>::shared_ptr(std::_Sp_alloc_shared_tag<_Tp>, _Args&& ...) [with _Alloc = std::allocator<ClientNode>; _Args = {std::__cxx11::basic_string<char, std::char_traits<char>, std::allocator<char> >&, int&}; _Tp = ClientNode][m[K‚Äô
[2.605s] [01m[K/usr/include/c++/11/bits/shared_ptr.h:862:14:[m[K   required from ‚Äò[01m[Kstd::shared_ptr<_Tp> std::allocate_shared(const _Alloc&, _Args&& ...) [with _Tp = ClientNode; _Alloc = std::allocator<ClientNode>; _Args = {std::__cxx11::basic_string<char, std::char_traits<char>, std::allocator<char> >&, int&}][m[K‚Äô
[2.605s] [01m[K/usr/include/c++/11/bits/shared_ptr.h:878:39:[m[K   required from ‚Äò[01m[Kstd::shared_ptr<_Tp> std::make_shared(_Args&& ...) [with _Tp = ClientNode; _Args = {std::__cxx11::basic_string<char, std::char_traits<char>, std::allocator<char> >&, int&}][m[K‚Äô
[2.605s] [01m[K/home/yong/ws_kari/ROS2_Test/src/srv_test/src/client_node.cpp:81:46:[m[K   required from here
[2.605s] [01m[K/usr/include/c++/11/ext/new_allocator.h:162:11:[m[K [01;31m[Kerror: [m[Kno matching function for call to ‚Äò[01m[KClientNode::ClientNode(std::__cxx11::basic_string<char>&, int&)[m[K‚Äô
[2.605s]   162 |         { [01;31m[K::new((void *)__p) _Up(std::forward<_Args>(__args)...)[m[K; }
[2.606s]       |           [01;31m[K^~~~~~~~~~~~~~~~~~~~~~~~~~~~~~~~~~~~~~~~~~~~~~~~~~~~~~[m[K
[2.606s] [01m[K/home/yong/ws_kari/ROS2_Test/src/srv_test/src/client_node.cpp:12:5:[m[K [01;36m[Knote: [m[Kcandidate: ‚Äò[01m[KClientNode::ClientNode(const string&)[m[K‚Äô
[2.606s]    12 |     [01;36m[KClientNode[m[K(const std::string& node_name) : Node(node_name)
[2.606s]       |     [01;36m[K^~~~~~~~~~[m[K
[2.606s] [01m[K/home/yong/ws_kari/ROS2_Test/src/srv_test/src/client_node.cpp:12:5:[m[K [01;36m[Knote: [m[K  candidate expects 1 argument, 2 provided
[3.871s] gmake[2]: *** [CMakeFiles/client_node.dir/build.make:76: CMakeFiles/client_node.dir/src/client_node.cpp.o] Error 1
[3.872s] gmake[1]: *** [CMakeFiles/Makefile2:139: CMakeFiles/client_node.dir/all] Error 2
[3.872s] gmake: *** [Makefile:146: all] Error 2
[3.874s] Invoked command in '/home/yong/ws_kari/ROS2_Test/build/srv_test' returned '2': CMAKE_PREFIX_PATH=/home/yong/ws_kari/ROS2_Test/install/custom_interfaces:/home/yong/ws_kari/ROS2_Test/install/srv_test:/home/yong/ws_kari/ROS2_Test/install/multi_agent_comm:/home/yong/ws_kari/ROS2_Test/install/cbba:/opt/ros/humble LD_LIBRARY_PATH=/home/yong/ws_kari/ROS2_Test/install/custom_interfaces/lib:/home/yong/ws_kari/ROS2_Test/install/multi_agent_comm/lib:/opt/ros/humble/opt/rviz_ogre_vendor/lib:/opt/ros/humble/lib/x86_64-linux-gnu:/opt/ros/humble/lib /usr/bin/cmake --build /home/yong/ws_kari/ROS2_Test/build/srv_test -- -j16 -l16
