[0.076s] Invoking command in '/home/yong/ws_kari/ROS2_Test/build/srv_test': CMAKE_PREFIX_PATH=/home/yong/ws_kari/ROS2_Test/install/custom_interfaces:/home/yong/ws_kari/install/project_dma_2024:/home/yong/ws_kari/install/multi_agent_comm:/home/yong/ws_kari/install/cbba:/home/yong/ws_kari/ROS2_Test/install/srv_test:/home/yong/ws_kari/ROS2_Test/install/multi_agent_comm:/home/yong/ws_kari/ROS2_Test/install/cbba:/home/yong/ws_kari/ROS2_Test/install/acbba:/opt/ros/humble LD_LIBRARY_PATH=/home/yong/ws_kari/ROS2_Test/install/custom_interfaces/lib:/home/yong/ws_kari/install/project_dma_2024/lib:/home/yong/ws_kari/install/multi_agent_comm/lib:/home/yong/ws_kari/ROS2_Test/install/multi_agent_comm/lib:/opt/ros/humble/opt/rviz_ogre_vendor/lib:/opt/ros/humble/lib/x86_64-linux-gnu:/opt/ros/humble/lib /usr/bin/cmake --build /home/yong/ws_kari/ROS2_Test/build/srv_test -- -j16 -l16
[0.116s] [35m[1mConsolidate compiler generated dependencies of target server[0m
[0.129s] [ 50%] Built target client_node
[0.129s] [ 50%] Built target client
[0.130s] [ 75%] Built target server_node
[0.139s] [ 87%] [32mBuilding CXX object CMakeFiles/server.dir/src/server.cpp.o[0m
[1.954s] [01m[K/home/yong/ws_kari/ROS2_Test/src/srv_test/src/server.cpp:[m[K In constructor â€˜[01m[KServerNode::ServerNode()[m[Kâ€™:
[1.954s] [01m[K/home/yong/ws_kari/ROS2_Test/src/srv_test/src/server.cpp:22:9:[m[K [01;31m[Kerror: [m[Kâ€˜[01m[Ksubscriber_list_publisher_[m[Kâ€™ was not declared in this scope
[1.954s]    22 |         [01;31m[Ksubscriber_list_publisher_[m[K = this->create_publisher<std_msgs::msg::String>("subscriber_list", 10);
[1.954s]       |         [01;31m[K^~~~~~~~~~~~~~~~~~~~~~~~~~[m[K
[4.002s] gmake[2]: *** [CMakeFiles/server.dir/build.make:76: CMakeFiles/server.dir/src/server.cpp.o] Error 1
[4.002s] gmake[1]: *** [CMakeFiles/Makefile2:221: CMakeFiles/server.dir/all] Error 2
[4.002s] gmake: *** [Makefile:146: all] Error 2
[4.004s] Invoked command in '/home/yong/ws_kari/ROS2_Test/build/srv_test' returned '2': CMAKE_PREFIX_PATH=/home/yong/ws_kari/ROS2_Test/install/custom_interfaces:/home/yong/ws_kari/install/project_dma_2024:/home/yong/ws_kari/install/multi_agent_comm:/home/yong/ws_kari/install/cbba:/home/yong/ws_kari/ROS2_Test/install/srv_test:/home/yong/ws_kari/ROS2_Test/install/multi_agent_comm:/home/yong/ws_kari/ROS2_Test/install/cbba:/home/yong/ws_kari/ROS2_Test/install/acbba:/opt/ros/humble LD_LIBRARY_PATH=/home/yong/ws_kari/ROS2_Test/install/custom_interfaces/lib:/home/yong/ws_kari/install/project_dma_2024/lib:/home/yong/ws_kari/install/multi_agent_comm/lib:/home/yong/ws_kari/ROS2_Test/install/multi_agent_comm/lib:/opt/ros/humble/opt/rviz_ogre_vendor/lib:/opt/ros/humble/lib/x86_64-linux-gnu:/opt/ros/humble/lib /usr/bin/cmake --build /home/yong/ws_kari/ROS2_Test/build/srv_test -- -j16 -l16
