[ 75%] [32mBuilding CXX object CMakeFiles/client_node.dir/src/client_node.cpp.o[0m
[ 75%] Built target service_node
[01m[K/home/yong/ws_kari/ROS2_Test/src/srv_test/src/client_node.cpp:26:23:[m[K [01;31m[Kerror: [m[Kâ€˜[01m[KUavStatus[m[Kâ€™ was not declared in this scope; did you mean â€˜[01m[KStatus[m[Kâ€™?
   26 |     rclcpp::Publisher<[01;31m[KUavStatus[m[K>::SharedPtr publisher_;
      |                       [01;31m[K^~~~~~~~~[m[K
      |                       [32m[KStatus[m[K
[01m[K/home/yong/ws_kari/ROS2_Test/src/srv_test/src/client_node.cpp:26:32:[m[K [01;31m[Kerror: [m[Ktemplate argument 1 is invalid
   26 |     rclcpp::Publisher<UavStatus[01;31m[K>[m[K::SharedPtr publisher_;
      |                                [01;31m[K^[m[K
[01m[K/home/yong/ws_kari/ROS2_Test/src/srv_test/src/client_node.cpp:26:35:[m[K [01;31m[Kerror: [m[Kexpected â€˜[01m[K;[m[Kâ€™ at end of member declaration
   26 |     rclcpp::Publisher<UavStatus>::[01;31m[KSharedPtr[m[K publisher_;
      |                                   [01;31m[K^~~~~~~~~[m[K
      |                                            [32m[K;[m[K
[01m[K/home/yong/ws_kari/ROS2_Test/src/srv_test/src/client_node.cpp:26:45:[m[K [01;31m[Kerror: [m[Kâ€˜[01m[Kpublisher_[m[Kâ€™ does not name a type; did you mean â€˜[01m[Krmw_publisher_t[m[Kâ€™?
   26 |     rclcpp::Publisher<UavStatus>::SharedPtr [01;31m[Kpublisher_[m[K;
      |                                             [01;31m[K^~~~~~~~~~[m[K
      |                                             [32m[Krmw_publisher_t[m[K
[01m[K/home/yong/ws_kari/ROS2_Test/src/srv_test/src/client_node.cpp:27:26:[m[K [01;31m[Kerror: [m[Kâ€˜[01m[KUavStatus[m[Kâ€™ was not declared in this scope; did you mean â€˜[01m[KStatus[m[Kâ€™?
   27 |     rclcpp::Subscription<[01;31m[KUavStatus[m[K>::SharedPtr subscription_;
      |                          [01;31m[K^~~~~~~~~[m[K
      |                          [32m[KStatus[m[K
[01m[K/home/yong/ws_kari/ROS2_Test/src/srv_test/src/client_node.cpp:27:35:[m[K [01;31m[Kerror: [m[Ktemplate argument 1 is invalid
   27 |     rclcpp::Subscription<UavStatus[01;31m[K>[m[K::SharedPtr subscription_;
      |                                   [01;31m[K^[m[K
[01m[K/home/yong/ws_kari/ROS2_Test/src/srv_test/src/client_node.cpp:27:35:[m[K [01;31m[Kerror: [m[Ktemplate argument 3 is invalid
[01m[K/home/yong/ws_kari/ROS2_Test/src/srv_test/src/client_node.cpp:27:35:[m[K [01;31m[Kerror: [m[Ktemplate argument 4 is invalid
[01m[K/home/yong/ws_kari/ROS2_Test/src/srv_test/src/client_node.cpp:27:35:[m[K [01;31m[Kerror: [m[Ktemplate argument 5 is invalid
[01m[K/home/yong/ws_kari/ROS2_Test/src/srv_test/src/client_node.cpp:27:38:[m[K [01;31m[Kerror: [m[Kexpected â€˜[01m[K;[m[Kâ€™ at end of member declaration
   27 |     rclcpp::Subscription<UavStatus>::[01;31m[KSharedPtr[m[K subscription_;
      |                                      [01;31m[K^~~~~~~~~[m[K
      |                                               [32m[K;[m[K
[01m[K/home/yong/ws_kari/ROS2_Test/src/srv_test/src/client_node.cpp:27:38:[m[K [01;31m[Kerror: [m[Kredeclaration of â€˜[01m[Kint ClientNode::SharedPtr[m[Kâ€™
[01m[K/home/yong/ws_kari/ROS2_Test/src/srv_test/src/client_node.cpp:26:35:[m[K [01;36m[Knote: [m[Kprevious declaration â€˜[01m[Kint ClientNode::SharedPtr[m[Kâ€™
   26 |     rclcpp::Publisher<UavStatus>::[01;36m[KSharedPtr[m[K publisher_;
      |                                   [01;36m[K^~~~~~~~~[m[K
[01m[K/home/yong/ws_kari/ROS2_Test/src/srv_test/src/client_node.cpp:27:48:[m[K [01;31m[Kerror: [m[Kâ€˜[01m[Ksubscription_[m[Kâ€™ does not name a type; did you mean â€˜[01m[Krmw_subscription_t[m[Kâ€™?
   27 |     rclcpp::Subscription<UavStatus>::SharedPtr [01;31m[Ksubscription_[m[K;
      |                                                [01;31m[K^~~~~~~~~~~~~[m[K
      |                                                [32m[Krmw_subscription_t[m[K
[01m[K/home/yong/ws_kari/ROS2_Test/src/srv_test/src/client_node.cpp:62:36:[m[K [01;31m[Kerror: [m[Kâ€˜[01m[KUavStatus[m[Kâ€™ does not name a type; did you mean â€˜[01m[KStatus[m[Kâ€™?
   62 |     void uav_status_callback(const [01;31m[KUavStatus[m[K::SharedPtr msg)
      |                                    [01;31m[K^~~~~~~~~[m[K
      |                                    [32m[KStatus[m[K
[01m[K/home/yong/ws_kari/ROS2_Test/src/srv_test/src/client_node.cpp:62:57:[m[K [01;31m[Kerror: [m[Kexpected unqualified-id before â€˜[01m[Kmsg[m[Kâ€™
   62 |     void uav_status_callback(const UavStatus::SharedPtr [01;31m[Kmsg[m[K)
      |                                                         [01;31m[K^~~[m[K
[01m[K/home/yong/ws_kari/ROS2_Test/src/srv_test/src/client_node.cpp:62:56:[m[K [01;31m[Kerror: [m[Kexpected â€˜[01m[K)[m[Kâ€™ before â€˜[01m[Kmsg[m[Kâ€™
   62 |     void uav_status_callback[34m[K([m[Kconst UavStatus::SharedPtr[01;31m[K [m[K[32m[Kmsg[m[K)
      |                             [34m[K~[m[K                          [01;31m[K^[m[K[32m[K~~~[m[K
      |                                                        [32m[K)[m[K
[01m[K/home/yong/ws_kari/ROS2_Test/src/srv_test/src/client_node.cpp:62:47:[m[K [01;31m[Kerror: [m[Kexpected â€˜[01m[K;[m[Kâ€™ at end of member declaration
   62 |     void uav_status_callback(const UavStatus::[01;31m[KSharedPtr[m[K msg)
      |                                               [01;31m[K^~~~~~~~~[m[K
      |                                                        [32m[K;[m[K
[01m[K/home/yong/ws_kari/ROS2_Test/src/srv_test/src/client_node.cpp:62:57:[m[K [01;31m[Kerror: [m[Kâ€˜[01m[Kmsg[m[Kâ€™ does not name a type
   62 |     void uav_status_callback(const UavStatus::SharedPtr [01;31m[Kmsg[m[K)
      |                                                         [01;31m[K^~~[m[K
[01m[K/home/yong/ws_kari/ROS2_Test/src/srv_test/src/client_node.cpp:[m[K In constructor â€˜[01m[KClientNode::ClientNode(const string&)[m[Kâ€™:
[01m[K/home/yong/ws_kari/ROS2_Test/src/srv_test/src/client_node.cpp:14:56:[m[K [01;31m[Kerror: [m[Kâ€˜[01m[Kinstance[m[Kâ€™ was not declared in this scope
   14 |         std::string topic_name = "UV" + std::to_string([01;31m[Kinstance[m[K) + "_status";
      |                                                        [01;31m[K^~~~~~~~[m[K
[01m[K/home/yong/ws_kari/ROS2_Test/src/srv_test/src/client_node.cpp:16:9:[m[K [01;31m[Kerror: [m[Kâ€˜[01m[Kpublisher_[m[Kâ€™ was not declared in this scope; did you mean â€˜[01m[Krmw_publisher_t[m[Kâ€™?
   16 |         [01;31m[Kpublisher_[m[K = this->create_publisher<Status>(topic_name, 10);
      |         [01;31m[K^~~~~~~~~~[m[K
      |         [32m[Krmw_publisher_t[m[K
[01m[K/home/yong/ws_kari/ROS2_Test/src/srv_test/src/client_node.cpp:17:9:[m[K [01;31m[Kerror: [m[Kâ€˜[01m[Ksubscription_[m[Kâ€™ was not declared in this scope; did you mean â€˜[01m[Krmw_subscription_t[m[Kâ€™?
   17 |         [01;31m[Ksubscription_[m[K = this->create_subscription<UavStatus>(
      |         [01;31m[K^~~~~~~~~~~~~[m[K
      |         [32m[Krmw_subscription_t[m[K
[01m[K/home/yong/ws_kari/ROS2_Test/src/srv_test/src/client_node.cpp:17:51:[m[K [01;31m[Kerror: [m[Kâ€˜[01m[KUavStatus[m[Kâ€™ was not declared in this scope; did you mean â€˜[01m[KStatus[m[Kâ€™?
   17 |         subscription_ = this->create_subscription<[01;31m[KUavStatus[m[K>(
      |                                                   [01;31m[K^~~~~~~~~[m[K
      |                                                   [32m[KStatus[m[K
[01m[K/home/yong/ws_kari/ROS2_Test/src/srv_test/src/client_node.cpp:17:61:[m[K [01;31m[Kerror: [m[Kno matching function for call to â€˜[01m[KClientNode::create_subscription<<expression error> >(std::string&, int, std::_Bind_helper<false, void (ClientNode::*)(...), ClientNode*, const std::_Placeholder<1>&>::type)[m[Kâ€™
   17 |         subscription_ = [01;31m[Kthis->create_subscription<UavStatus>([m[K
      |                         [01;31m[K~~~~~~~~~~~~~~~~~~~~~~~~~~~~~~~~~~~~^[m[K
   18 | [01;31m[K            topic_name, 10,[m[K
      |             [01;31m[K~~~~~~~~~~~~~~~[m[K                                  
   19 | [01;31m[K            std::bind(&ClientNode::uav_status_callback, this, std::placeholders::_1))[m[K;
      |             [01;31m[K~~~~~~~~~~~~~~~~~~~~~~~~~~~~~~~~~~~~~~~~~~~~~~~~~~~~~~~~~~~~~~~~~~~~~~~~~[m[K
In file included from [01m[K/opt/ros/humble/include/rclcpp/rclcpp/executors/single_threaded_executor.hpp:28[m[K,
                 from [01m[K/opt/ros/humble/include/rclcpp/rclcpp/executors.hpp:22[m[K,
                 from [01m[K/opt/ros/humble/include/rclcpp/rclcpp/rclcpp.hpp:155[m[K,
                 from [01m[K/home/yong/ws_kari/ROS2_Test/src/srv_test/src/client_node.cpp:1[m[K:
[01m[K/opt/ros/humble/include/rclcpp/rclcpp/node.hpp:219:3:[m[K [01;36m[Knote: [m[Kcandidate: â€˜[01m[Ktemplate<class MessageT, class CallbackT, class AllocatorT, class SubscriptionT, class MessageMemoryStrategyT> std::shared_ptr<ROSMessageT> rclcpp::Node::create_subscription(const string&, const rclcpp::QoS&, CallbackT&&, const rclcpp::SubscriptionOptionsWithAllocator<AllocatorT>&, typename MessageMemoryStrategyT::SharedPtr)[m[Kâ€™
  219 |   [01;36m[Kcreate_subscription[m[K(
      |   [01;36m[K^~~~~~~~~~~~~~~~~~~[m[K
[01m[K/opt/ros/humble/include/rclcpp/rclcpp/node.hpp:219:3:[m[K [01;36m[Knote: [m[K  template argument deduction/substitution failed:
[01m[K/home/yong/ws_kari/ROS2_Test/src/srv_test/src/client_node.cpp:17:61:[m[K [01;31m[Kerror: [m[Ktemplate argument 1 is invalid
   17 |         subscription_ = [01;31m[Kthis->create_subscription<UavStatus>([m[K
      |                         [01;31m[K~~~~~~~~~~~~~~~~~~~~~~~~~~~~~~~~~~~~^[m[K
   18 | [01;31m[K            topic_name, 10,[m[K
      |             [01;31m[K~~~~~~~~~~~~~~~[m[K                                  
   19 | [01;31m[K            std::bind(&ClientNode::uav_status_callback, this, std::placeholders::_1))[m[K;
      |             [01;31m[K~~~~~~~~~~~~~~~~~~~~~~~~~~~~~~~~~~~~~~~~~~~~~~~~~~~~~~~~~~~~~~~~~~~~~~~~~[m[K
[01m[K/home/yong/ws_kari/ROS2_Test/src/srv_test/src/client_node.cpp:[m[K In member function â€˜[01m[Kvoid ClientNode::publish_status()[m[Kâ€™:
[01m[K/home/yong/ws_kari/ROS2_Test/src/srv_test/src/client_node.cpp:57:24:[m[K [01;31m[Kerror: [m[Kâ€˜[01m[KUavStatus[m[Kâ€™ was not declared in this scope; did you mean â€˜[01m[KStatus[m[Kâ€™?
   57 |         auto message = [01;31m[KUavStatus[m[K();
      |                        [01;31m[K^~~~~~~~~[m[K
      |                        [32m[KStatus[m[K
[01m[K/home/yong/ws_kari/ROS2_Test/src/srv_test/src/client_node.cpp:59:9:[m[K [01;31m[Kerror: [m[Kâ€˜[01m[Kpublisher_[m[Kâ€™ was not declared in this scope; did you mean â€˜[01m[Krmw_publisher_t[m[Kâ€™?
   59 |         [01;31m[Kpublisher_[m[K->publish(message);
      |         [01;31m[K^~~~~~~~~~[m[K
      |         [32m[Krmw_publisher_t[m[K
In file included from [01m[K/usr/include/x86_64-linux-gnu/c++/11/bits/c++allocator.h:33[m[K,
                 from [01m[K/usr/include/c++/11/bits/allocator.h:46[m[K,
                 from [01m[K/usr/include/c++/11/memory:64[m[K,
                 from [01m[K/opt/ros/humble/include/rclcpp/rclcpp/rclcpp.hpp:153[m[K,
                 from [01m[K/home/yong/ws_kari/ROS2_Test/src/srv_test/src/client_node.cpp:1[m[K:
/usr/include/c++/11/ext/new_allocator.h: In instantiation of â€˜[01m[Kvoid __gnu_cxx::new_allocator<_Tp>::construct(_Up*, _Args&& ...) [with _Up = ClientNode; _Args = {std::__cxx11::basic_string<char, std::char_traits<char>, std::allocator<char> >&, int&}; _Tp = ClientNode][m[Kâ€™:
[01m[K/usr/include/c++/11/bits/alloc_traits.h:516:17:[m[K   required from â€˜[01m[Kstatic void std::allocator_traits<std::allocator<_Tp1> >::construct(std::allocator_traits<std::allocator<_Tp1> >::allocator_type&, _Up*, _Args&& ...) [with _Up = ClientNode; _Args = {std::__cxx11::basic_string<char, std::char_traits<char>, std::allocator<char> >&, int&}; _Tp = ClientNode; std::allocator_traits<std::allocator<_Tp1> >::allocator_type = std::allocator<ClientNode>][m[Kâ€™
[01m[K/usr/include/c++/11/bits/shared_ptr_base.h:519:39:[m[K   required from â€˜[01m[Kstd::_Sp_counted_ptr_inplace<_Tp, _Alloc, _Lp>::_Sp_counted_ptr_inplace(_Alloc, _Args&& ...) [with _Args = {std::__cxx11::basic_string<char, std::char_traits<char>, std::allocator<char> >&, int&}; _Tp = ClientNode; _Alloc = std::allocator<ClientNode>; __gnu_cxx::_Lock_policy _Lp = __gnu_cxx::_S_atomic][m[Kâ€™
[01m[K/usr/include/c++/11/bits/shared_ptr_base.h:650:16:[m[K   required from â€˜[01m[Kstd::__shared_count<_Lp>::__shared_count(_Tp*&, std::_Sp_alloc_shared_tag<_Alloc>, _Args&& ...) [with _Tp = ClientNode; _Alloc = std::allocator<ClientNode>; _Args = {std::__cxx11::basic_string<char, std::char_traits<char>, std::allocator<char> >&, int&}; __gnu_cxx::_Lock_policy _Lp = __gnu_cxx::_S_atomic][m[Kâ€™
[01m[K/usr/include/c++/11/bits/shared_ptr_base.h:1342:14:[m[K   required from â€˜[01m[Kstd::__shared_ptr<_Tp, _Lp>::__shared_ptr(std::_Sp_alloc_shared_tag<_Tp>, _Args&& ...) [with _Alloc = std::allocator<ClientNode>; _Args = {std::__cxx11::basic_string<char, std::char_traits<char>, std::allocator<char> >&, int&}; _Tp = ClientNode; __gnu_cxx::_Lock_policy _Lp = __gnu_cxx::_S_atomic][m[Kâ€™
[01m[K/usr/include/c++/11/bits/shared_ptr.h:409:59:[m[K   required from â€˜[01m[Kstd::shared_ptr<_Tp>::shared_ptr(std::_Sp_alloc_shared_tag<_Tp>, _Args&& ...) [with _Alloc = std::allocator<ClientNode>; _Args = {std::__cxx11::basic_string<char, std::char_traits<char>, std::allocator<char> >&, int&}; _Tp = ClientNode][m[Kâ€™
[01m[K/usr/include/c++/11/bits/shared_ptr.h:862:14:[m[K   required from â€˜[01m[Kstd::shared_ptr<_Tp> std::allocate_shared(const _Alloc&, _Args&& ...) [with _Tp = ClientNode; _Alloc = std::allocator<ClientNode>; _Args = {std::__cxx11::basic_string<char, std::char_traits<char>, std::allocator<char> >&, int&}][m[Kâ€™
[01m[K/usr/include/c++/11/bits/shared_ptr.h:878:39:[m[K   required from â€˜[01m[Kstd::shared_ptr<_Tp> std::make_shared(_Args&& ...) [with _Tp = ClientNode; _Args = {std::__cxx11::basic_string<char, std::char_traits<char>, std::allocator<char> >&, int&}][m[Kâ€™
[01m[K/home/yong/ws_kari/ROS2_Test/src/srv_test/src/client_node.cpp:81:46:[m[K   required from here
[01m[K/usr/include/c++/11/ext/new_allocator.h:162:11:[m[K [01;31m[Kerror: [m[Kno matching function for call to â€˜[01m[KClientNode::ClientNode(std::__cxx11::basic_string<char>&, int&)[m[Kâ€™
  162 |         { [01;31m[K::new((void *)__p) _Up(std::forward<_Args>(__args)...)[m[K; }
      |           [01;31m[K^~~~~~~~~~~~~~~~~~~~~~~~~~~~~~~~~~~~~~~~~~~~~~~~~~~~~~[m[K
[01m[K/home/yong/ws_kari/ROS2_Test/src/srv_test/src/client_node.cpp:12:5:[m[K [01;36m[Knote: [m[Kcandidate: â€˜[01m[KClientNode::ClientNode(const string&)[m[Kâ€™
   12 |     [01;36m[KClientNode[m[K(const std::string& node_name) : Node(node_name)
      |     [01;36m[K^~~~~~~~~~[m[K
[01m[K/home/yong/ws_kari/ROS2_Test/src/srv_test/src/client_node.cpp:12:5:[m[K [01;36m[Knote: [m[K  candidate expects 1 argument, 2 provided
gmake[2]: *** [CMakeFiles/client_node.dir/build.make:76: CMakeFiles/client_node.dir/src/client_node.cpp.o] Error 1
gmake[1]: *** [CMakeFiles/Makefile2:139: CMakeFiles/client_node.dir/all] Error 2
gmake: *** [Makefile:146: all] Error 2
