[35m[1mConsolidate compiler generated dependencies of target server[0m
[ 75%] Built target client_node
[ 75%] Built target server_node
[ 75%] Built target client
[ 87%] [32mBuilding CXX object CMakeFiles/server.dir/src/server.cpp.o[0m
[01m[K/home/yong/ws_kari/ROS2_Test/src/srv_test/src/server.cpp:[m[K In constructor â€˜[01m[KServerNode::ServerNode()[m[Kâ€™:
[01m[K/home/yong/ws_kari/ROS2_Test/src/srv_test/src/server.cpp:22:9:[m[K [01;31m[Kerror: [m[Kâ€˜[01m[Kvehicle_states_publisher_[m[Kâ€™ was not declared in this scope; did you mean â€˜[01m[Kstates_publisher_[m[Kâ€™?
   22 |         [01;31m[Kvehicle_states_publisher_[m[K = this->create_publisher<std_msgs::msg::String>("vehicle_states", 10);
      |         [01;31m[K^~~~~~~~~~~~~~~~~~~~~~~~~[m[K
      |         [32m[Kstates_publisher_[m[K
gmake[2]: *** [CMakeFiles/server.dir/build.make:76: CMakeFiles/server.dir/src/server.cpp.o] Error 1
gmake[1]: *** [CMakeFiles/Makefile2:221: CMakeFiles/server.dir/all] Error 2
gmake: *** [Makefile:146: all] Error 2
