[0.075s] Invoking command in '/home/yong/ws_kari/ROS2_Test/build/srv_test': CMAKE_PREFIX_PATH=/home/yong/ws_kari/ROS2_Test/install/custom_interfaces:/home/yong/ws_kari/install/project_dma_2024:/home/yong/ws_kari/install/multi_agent_comm:/home/yong/ws_kari/install/cbba:/home/yong/ws_kari/ROS2_Test/install/srv_test:/home/yong/ws_kari/ROS2_Test/install/multi_agent_comm:/home/yong/ws_kari/ROS2_Test/install/cbba:/home/yong/ws_kari/ROS2_Test/install/acbba:/opt/ros/humble LD_LIBRARY_PATH=/home/yong/ws_kari/ROS2_Test/install/custom_interfaces/lib:/home/yong/ws_kari/install/project_dma_2024/lib:/home/yong/ws_kari/install/multi_agent_comm/lib:/home/yong/ws_kari/ROS2_Test/install/multi_agent_comm/lib:/opt/ros/humble/opt/rviz_ogre_vendor/lib:/opt/ros/humble/lib/x86_64-linux-gnu:/opt/ros/humble/lib /usr/bin/cmake --build /home/yong/ws_kari/ROS2_Test/build/srv_test -- -j16 -l16
[0.117s] [35m[1mConsolidate compiler generated dependencies of target server[0m
[0.130s] [ 75%] Built target client_node
[0.130s] [ 75%] Built target server_node
[0.130s] [ 75%] Built target client
[0.137s] [ 87%] [32mBuilding CXX object CMakeFiles/server.dir/src/server.cpp.o[0m
[2.020s] [01m[K/home/yong/ws_kari/ROS2_Test/src/srv_test/src/server.cpp:[m[K In constructor â€˜[01m[KServerNode::ServerNode()[m[Kâ€™:
[2.020s] [01m[K/home/yong/ws_kari/ROS2_Test/src/srv_test/src/server.cpp:22:9:[m[K [01;31m[Kerror: [m[Kâ€˜[01m[Kvehicle_states_publisher_[m[Kâ€™ was not declared in this scope; did you mean â€˜[01m[Kstates_publisher_[m[Kâ€™?
[2.021s]    22 |         [01;31m[Kvehicle_states_publisher_[m[K = this->create_publisher<std_msgs::msg::String>("vehicle_states", 10);
[2.021s]       |         [01;31m[K^~~~~~~~~~~~~~~~~~~~~~~~~[m[K
[2.021s]       |         [32m[Kstates_publisher_[m[K
[4.149s] gmake[2]: *** [CMakeFiles/server.dir/build.make:76: CMakeFiles/server.dir/src/server.cpp.o] Error 1
[4.149s] gmake[1]: *** [CMakeFiles/Makefile2:221: CMakeFiles/server.dir/all] Error 2
[4.149s] gmake: *** [Makefile:146: all] Error 2
[4.151s] Invoked command in '/home/yong/ws_kari/ROS2_Test/build/srv_test' returned '2': CMAKE_PREFIX_PATH=/home/yong/ws_kari/ROS2_Test/install/custom_interfaces:/home/yong/ws_kari/install/project_dma_2024:/home/yong/ws_kari/install/multi_agent_comm:/home/yong/ws_kari/install/cbba:/home/yong/ws_kari/ROS2_Test/install/srv_test:/home/yong/ws_kari/ROS2_Test/install/multi_agent_comm:/home/yong/ws_kari/ROS2_Test/install/cbba:/home/yong/ws_kari/ROS2_Test/install/acbba:/opt/ros/humble LD_LIBRARY_PATH=/home/yong/ws_kari/ROS2_Test/install/custom_interfaces/lib:/home/yong/ws_kari/install/project_dma_2024/lib:/home/yong/ws_kari/install/multi_agent_comm/lib:/home/yong/ws_kari/ROS2_Test/install/multi_agent_comm/lib:/opt/ros/humble/opt/rviz_ogre_vendor/lib:/opt/ros/humble/lib/x86_64-linux-gnu:/opt/ros/humble/lib /usr/bin/cmake --build /home/yong/ws_kari/ROS2_Test/build/srv_test -- -j16 -l16
