[0.055s] Invoking command in '/home/yong/ws_kari/build/multi_agent_comm': CMAKE_PREFIX_PATH=/opt/ros/humble /usr/bin/cmake --build /home/yong/ws_kari/build/multi_agent_comm -- -j16 -l16
[0.128s] [  2%] Built target multi_agent_comm__cpp
[0.130s] [ 11%] Built target multi_agent_comm__rosidl_generator_c
[0.140s] [ 11%] Built target ament_cmake_python_copy_multi_agent_comm
[0.153s] [ 40%] Built target multi_agent_comm__rosidl_typesupport_c
[0.154s] [ 40%] Built target multi_agent_comm__rosidl_typesupport_fastrtps_cpp
[0.154s] [ 40%] Built target multi_agent_comm__rosidl_typesupport_introspection_cpp
[0.155s] [ 45%] Built target multi_agent_comm__rosidl_typesupport_cpp
[0.155s] [ 54%] Built target multi_agent_comm__rosidl_typesupport_introspection_c
[0.156s] [ 62%] Built target multi_agent_comm__rosidl_typesupport_fastrtps_c
[0.180s] [35m[1mConsolidate compiler generated dependencies of target comm_qos[0m
[0.182s] [ 62%] Built target multi_agent_comm
[0.204s] [ 74%] Built target multi_agent_comm__py
[0.204s] [ 74%] [32mBuilding CXX object CMakeFiles/comm_qos.dir/src/comm_qos.cpp.o[0m
[0.204s] [ 74%] Built target comm
[0.230s] [ 80%] Built target multi_agent_comm__rosidl_generator_py
[0.257s] [ 91%] Built target multi_agent_comm__rosidl_typesupport_fastrtps_c__pyext
[0.257s] [ 91%] Built target multi_agent_comm__rosidl_typesupport_introspection_c__pyext
[0.258s] [ 97%] Built target multi_agent_comm__rosidl_typesupport_c__pyext
[0.322s] running egg_info
[0.336s] writing multi_agent_comm.egg-info/PKG-INFO
[0.336s] writing dependency_links to multi_agent_comm.egg-info/dependency_links.txt
[0.336s] writing top-level names to multi_agent_comm.egg-info/top_level.txt
[0.377s] reading manifest file 'multi_agent_comm.egg-info/SOURCES.txt'
[0.377s] writing manifest file 'multi_agent_comm.egg-info/SOURCES.txt'
[0.406s] [ 97%] Built target ament_cmake_python_build_multi_agent_comm_egg
[2.373s] [01m[K/home/yong/ws_kari/src/multi_agent_comm/src/comm_qos.cpp:[m[K In member function â€˜[01m[Kvoid AgentNode::topic_callback(multi_agent_comm::msg::AgentMessage_<std::allocator<void> >::SharedPtr) const[m[Kâ€™:
[2.373s] [01m[K/home/yong/ws_kari/src/multi_agent_comm/src/comm_qos.cpp:47:52:[m[K [01;31m[Kerror: [m[Kpassing â€˜[01m[Kstd::__shared_ptr_access<const rclcpp::Clock, __gnu_cxx::_S_atomic, false, false>::element_type[m[Kâ€™ {aka â€˜[01m[Kconst rclcpp::Clock[m[Kâ€™} as â€˜[01m[Kthis[m[Kâ€™ argument discards qualifiers [[01;31m[K]8;;https://gcc.gnu.org/onlinedocs/gcc/Warning-Options.html#index-fpermissive-fpermissive]8;;[m[K]
[2.373s]    47 |         auto pre_sleep_now = [01;31m[Kthis->get_clock()->now()[m[K;
[2.373s]       |                              [01;31m[K~~~~~~~~~~~~~~~~~~~~~~^~[m[K
[2.373s] In file included from [01m[K/opt/ros/humble/include/rclcpp/rclcpp/timer.hpp:27[m[K,
[2.374s]                  from [01m[K/opt/ros/humble/include/rclcpp/rclcpp/callback_group.hpp:30[m[K,
[2.374s]                  from [01m[K/opt/ros/humble/include/rclcpp/rclcpp/any_executable.hpp:20[m[K,
[2.374s]                  from [01m[K/opt/ros/humble/include/rclcpp/rclcpp/memory_strategy.hpp:25[m[K,
[2.374s]                  from [01m[K/opt/ros/humble/include/rclcpp/rclcpp/memory_strategies.hpp:18[m[K,
[2.374s]                  from [01m[K/opt/ros/humble/include/rclcpp/rclcpp/executor_options.hpp:20[m[K,
[2.374s]                  from [01m[K/opt/ros/humble/include/rclcpp/rclcpp/executor.hpp:37[m[K,
[2.374s]                  from [01m[K/opt/ros/humble/include/rclcpp/rclcpp/executors/multi_threaded_executor.hpp:25[m[K,
[2.374s]                  from [01m[K/opt/ros/humble/include/rclcpp/rclcpp/executors.hpp:21[m[K,
[2.374s]                  from [01m[K/opt/ros/humble/include/rclcpp/rclcpp/rclcpp.hpp:155[m[K,
[2.374s]                  from [01m[K/home/yong/ws_kari/src/multi_agent_comm/src/comm_qos.cpp:1[m[K:
[2.374s] [01m[K/opt/ros/humble/include/rclcpp/rclcpp/clock.hpp:80:3:[m[K [01;36m[Knote: [m[K  in call to â€˜[01m[Krclcpp::Time rclcpp::Clock::now()[m[Kâ€™
[2.374s]    80 |   [01;36m[Know[m[K();
[2.374s]       |   [01;36m[K^~~[m[K
[4.284s] gmake[2]: *** [CMakeFiles/comm_qos.dir/build.make:76: CMakeFiles/comm_qos.dir/src/comm_qos.cpp.o] Error 1
[4.284s] gmake[1]: *** [CMakeFiles/Makefile2:622: CMakeFiles/comm_qos.dir/all] Error 2
[4.284s] gmake: *** [Makefile:146: all] Error 2
[4.286s] Invoked command in '/home/yong/ws_kari/build/multi_agent_comm' returned '2': CMAKE_PREFIX_PATH=/opt/ros/humble /usr/bin/cmake --build /home/yong/ws_kari/build/multi_agent_comm -- -j16 -l16
