[0.136s] Invoking command in '/home/yong/ws_kari/ROS2_Test/build/auction_node': AMENT_PREFIX_PATH=/home/yong/ws_kari/ROS2_Test/install/custom_interfaces:${AMENT_PREFIX_PATH} CMAKE_PREFIX_PATH=/home/yong/ws_kari/ROS2_Test/install/custom_interfaces:/home/yong/ws_kari/install/project_dma_2024:/opt/ros/humble LD_LIBRARY_PATH=/home/yong/ws_kari/ROS2_Test/install/custom_interfaces/lib:${LD_LIBRARY_PATH} PYTHONPATH=/home/yong/ws_kari/ROS2_Test/install/custom_interfaces/local/lib/python3.10/dist-packages:${PYTHONPATH} /usr/bin/cmake --build /home/yong/ws_kari/ROS2_Test/build/auction_node -- -j16 -l16
[0.176s] -- Found ament_cmake: 1.3.7 (/opt/ros/humble/share/ament_cmake/cmake)
[0.399s] -- Found rclcpp: 16.0.8 (/opt/ros/humble/share/rclcpp/cmake)
[0.446s] -- Found rosidl_generator_c: 3.1.5 (/opt/ros/humble/share/rosidl_generator_c/cmake)
[0.450s] -- Found rosidl_adapter: 3.1.5 (/opt/ros/humble/share/rosidl_adapter/cmake)
[0.462s] -- Found rosidl_generator_cpp: 3.1.5 (/opt/ros/humble/share/rosidl_generator_cpp/cmake)
[0.478s] -- Using all available rosidl_typesupport_c: rosidl_typesupport_fastrtps_c;rosidl_typesupport_introspection_c
[0.499s] -- Using all available rosidl_typesupport_cpp: rosidl_typesupport_fastrtps_cpp;rosidl_typesupport_introspection_cpp
[0.578s] -- Found rmw_implementation_cmake: 6.1.1 (/opt/ros/humble/share/rmw_implementation_cmake/cmake)
[0.582s] -- Found rmw_fastrtps_cpp: 6.2.6 (/opt/ros/humble/share/rmw_fastrtps_cpp/cmake)
[0.762s] -- Using RMW implementation 'rmw_fastrtps_cpp' as default
[0.946s] -- Found geometry_msgs: 4.2.3 (/opt/ros/humble/share/geometry_msgs/cmake)
[0.994s] -- Found custom_interfaces: 0.1.0 (/home/yong/ws_kari/ROS2_Test/install/custom_interfaces/share/custom_interfaces/cmake)
[1.180s] -- Configuring done
[1.207s] -- Generating done
[1.210s] -- Build files have been written to: /home/yong/ws_kari/ROS2_Test/build/auction_node
[1.256s] [35m[1mConsolidate compiler generated dependencies of target auction_node[0m
[1.256s] [35m[1mConsolidate compiler generated dependencies of target task_publisher[0m
[1.289s] [ 25%] [32mBuilding CXX object CMakeFiles/auction_node.dir/src/auction.cpp.o[0m
[1.291s] [ 50%] [32mBuilding CXX object CMakeFiles/task_publisher.dir/src/task_publisher.cpp.o[0m
[4.798s] [01m[K/home/yong/ws_kari/ROS2_Test/src/auction/src/auction.cpp:[m[K In constructor â€˜[01m[KAuction::Auction(int, geometry_msgs::msg::Point)[m[Kâ€™:
[4.798s] [01m[K/home/yong/ws_kari/ROS2_Test/src/auction/src/auction.cpp:25:9:[m[K [01;31m[Kerror: [m[Kâ€˜[01m[Ksub_task_list_[m[Kâ€™ was not declared in this scope; did you mean â€˜[01m[Ktask_list_[m[Kâ€™?
[4.798s]    25 |         [01;31m[Ksub_task_list_[m[K = this->create_subscription<Tasklist>("task_list", 10, std::bind(&Auction::task_list_callback, this, std::placeholders::_1));
[4.798s]       |         [01;31m[K^~~~~~~~~~~~~~[m[K
[4.798s]       |         [32m[Ktask_list_[m[K
[4.799s] [01m[K/home/yong/ws_kari/ROS2_Test/src/auction/src/auction.cpp:25:99:[m[K [01;31m[Kerror: [m[Kâ€˜[01m[Ktask_list_callback[m[Kâ€™ is not a member of â€˜[01m[KAuction[m[Kâ€™
[4.799s]    25 | "task_list", 10, std::bind(&Auction::[01;31m[Ktask_list_callback[m[K, this, std::placeholders::_1));
[4.799s]       |                                      [01;31m[K^~~~~~~~~~~~~~~~~~[m[K
[4.799s] 
[4.811s] [01m[K/home/yong/ws_kari/ROS2_Test/src/auction/src/auction.cpp:[m[K In member function â€˜[01m[Kvoid Auction::update()[m[Kâ€™:
[4.812s] [01m[K/home/yong/ws_kari/ROS2_Test/src/auction/src/auction.cpp:61:31:[m[K [01;31m[Kerror: [m[Kâ€˜[01m[Kusing element_type = struct custom_interfaces::msg::Auctioninfo_<std::allocator<void> >[m[Kâ€™ {aka â€˜[01m[Kstruct custom_interfaces::msg::Auctioninfo_<std::allocator<void> >[m[Kâ€™} has no member named â€˜[01m[Ktasks[m[Kâ€™
[4.812s]    61 |             task_list_ = msg->[01;31m[Ktasks[m[K;
[4.812s]       |                               [01;31m[K^~~~~[m[K
[4.813s] [01m[K/home/yong/ws_kari/ROS2_Test/src/auction/src/auction.cpp:[m[K In member function â€˜[01m[Kvoid Auction::broadcast()[m[Kâ€™:
[4.814s] [01m[K/home/yong/ws_kari/ROS2_Test/src/auction/src/auction.cpp:164:13:[m[K [01;31m[Kerror: [m[Kâ€˜[01m[Kstruct custom_interfaces::msg::Auctioninfo_<std::allocator<void> >[m[Kâ€™ has no member named â€˜[01m[Ktasks[m[Kâ€™
[4.814s]   164 |         msg.[01;31m[Ktasks[m[K = task_list_;
[4.814s]       |             [01;31m[K^~~~~[m[K
[6.601s] [ 75%] [32m[1mLinking CXX executable task_publisher[0m
[6.857s] [ 75%] Built target task_publisher
[7.392s] gmake[2]: *** [CMakeFiles/auction_node.dir/build.make:76: CMakeFiles/auction_node.dir/src/auction.cpp.o] Error 1
[7.393s] gmake[1]: *** [CMakeFiles/Makefile2:139: CMakeFiles/auction_node.dir/all] Error 2
[7.393s] gmake: *** [Makefile:146: all] Error 2
[7.396s] Invoked command in '/home/yong/ws_kari/ROS2_Test/build/auction_node' returned '2': AMENT_PREFIX_PATH=/home/yong/ws_kari/ROS2_Test/install/custom_interfaces:${AMENT_PREFIX_PATH} CMAKE_PREFIX_PATH=/home/yong/ws_kari/ROS2_Test/install/custom_interfaces:/home/yong/ws_kari/install/project_dma_2024:/opt/ros/humble LD_LIBRARY_PATH=/home/yong/ws_kari/ROS2_Test/install/custom_interfaces/lib:${LD_LIBRARY_PATH} PYTHONPATH=/home/yong/ws_kari/ROS2_Test/install/custom_interfaces/local/lib/python3.10/dist-packages:${PYTHONPATH} /usr/bin/cmake --build /home/yong/ws_kari/ROS2_Test/build/auction_node -- -j16 -l16
