[0.134s] Invoking command in '/home/yong/ws_kari/ROS2_Test/build/srv_test': CMAKE_PREFIX_PATH=/home/yong/ws_kari/ROS2_Test/install/custom_interfaces:/home/yong/ws_kari/ROS2_Test/install/srv_test:/home/yong/ws_kari/ROS2_Test/install/multi_agent_comm:/home/yong/ws_kari/ROS2_Test/install/cbba:/home/yong/ws_kari/ROS2_Test/install/acbba:/opt/ros/humble LD_LIBRARY_PATH=/home/yong/ws_kari/ROS2_Test/install/custom_interfaces/lib:/home/yong/ws_kari/ROS2_Test/install/multi_agent_comm/lib:/opt/ros/humble/opt/rviz_ogre_vendor/lib:/opt/ros/humble/lib/x86_64-linux-gnu:/opt/ros/humble/lib /usr/bin/cmake --build /home/yong/ws_kari/ROS2_Test/build/srv_test -- -j16 -l16
[0.186s] [ 50%] [32mBuilding CXX object CMakeFiles/server_node.dir/src/server_node.cpp.o[0m
[0.186s] [ 75%] Built target client_node
[0.413s] [01m[K/home/yong/ws_kari/ROS2_Test/src/srv_test/src/server_node.cpp:4:10:[m[K [01;31m[Kfatal error: [m[Kstd_msgs/msg/string.hpp: No such file or directory
[0.414s]     4 | #include [01;31m[K"std_msgs/msg/string.hpp"[m[K
[0.414s]       |          [01;31m[K^~~~~~~~~~~~~~~~~~~~~~~~~[m[K
[0.414s] compilation terminated.
[0.417s] gmake[2]: *** [CMakeFiles/server_node.dir/build.make:76: CMakeFiles/server_node.dir/src/server_node.cpp.o] Error 1
[0.418s] gmake[1]: *** [CMakeFiles/Makefile2:165: CMakeFiles/server_node.dir/all] Error 2
[0.418s] gmake: *** [Makefile:146: all] Error 2
[0.420s] Invoked command in '/home/yong/ws_kari/ROS2_Test/build/srv_test' returned '2': CMAKE_PREFIX_PATH=/home/yong/ws_kari/ROS2_Test/install/custom_interfaces:/home/yong/ws_kari/ROS2_Test/install/srv_test:/home/yong/ws_kari/ROS2_Test/install/multi_agent_comm:/home/yong/ws_kari/ROS2_Test/install/cbba:/home/yong/ws_kari/ROS2_Test/install/acbba:/opt/ros/humble LD_LIBRARY_PATH=/home/yong/ws_kari/ROS2_Test/install/custom_interfaces/lib:/home/yong/ws_kari/ROS2_Test/install/multi_agent_comm/lib:/opt/ros/humble/opt/rviz_ogre_vendor/lib:/opt/ros/humble/lib/x86_64-linux-gnu:/opt/ros/humble/lib /usr/bin/cmake --build /home/yong/ws_kari/ROS2_Test/build/srv_test -- -j16 -l16
