[0.045s] Invoking command in '/home/yong/ws_kari/ROS2_Test/build/srv_test': AMENT_PREFIX_PATH=/home/yong/ws_kari/ROS2_Test/install/custom_interfaces:${AMENT_PREFIX_PATH} CMAKE_PREFIX_PATH=/home/yong/ws_kari/ROS2_Test/install/custom_interfaces:/opt/ros/humble LD_LIBRARY_PATH=/home/yong/ws_kari/ROS2_Test/install/custom_interfaces/lib:${LD_LIBRARY_PATH} PYTHONPATH=/home/yong/ws_kari/ROS2_Test/install/custom_interfaces/local/lib/python3.10/dist-packages:${PYTHONPATH} /usr/bin/cmake --build /home/yong/ws_kari/ROS2_Test/build/srv_test -- -j16 -l16
[0.082s] [35m[1mConsolidate compiler generated dependencies of target client[0m
[0.083s] [35m[1mConsolidate compiler generated dependencies of target server[0m
[0.097s] [ 50%] Built target client_node
[0.097s] [ 50%] Built target server_node
[0.102s] [ 75%] [32mBuilding CXX object CMakeFiles/client.dir/src/client.cpp.o[0m
[0.102s] [ 87%] Built target server
[1.931s] [01m[K/home/yong/ws_kari/ROS2_Test/src/srv_test/src/client.cpp:38:10:[m[K [01;31m[Kerror: [m[Kredeclaration of â€˜[01m[Kbool ClientNode::service_ready_[m[Kâ€™
[1.931s]    38 |     bool [01;31m[Kservice_ready_[m[K;
[1.931s]       |          [01;31m[K^~~~~~~~~~~~~~[m[K
[1.931s] [01m[K/home/yong/ws_kari/ROS2_Test/src/srv_test/src/client.cpp:16:10:[m[K [01;36m[Knote: [m[Kprevious declaration â€˜[01m[Kbool ClientNode::service_ready_[m[Kâ€™
[1.931s]    16 |     bool [01;36m[Kservice_ready_[m[K;
[1.931s]       |          [01;36m[K^~~~~~~~~~~~~~[m[K
[1.931s] [01m[K/home/yong/ws_kari/ROS2_Test/src/srv_test/src/client.cpp:40:14:[m[K [01;31m[Kerror: [m[Kredeclaration of â€˜[01m[Kdouble ClientNode::x_[m[Kâ€™
[1.931s]    40 |     double x_[01;31m[K,[m[K y_, z_;
[1.932s]       |              [01;31m[K^[m[K
[1.932s] [01m[K/home/yong/ws_kari/ROS2_Test/src/srv_test/src/client.cpp:15:12:[m[K [01;36m[Knote: [m[Kprevious declaration â€˜[01m[Kdouble ClientNode::x_[m[Kâ€™
[1.932s]    15 |     double [01;36m[Kx_[m[K, y_, z_;
[1.932s]       |            [01;36m[K^~[m[K
[1.932s] [01m[K/home/yong/ws_kari/ROS2_Test/src/srv_test/src/client.cpp:40:18:[m[K [01;31m[Kerror: [m[Kredeclaration of â€˜[01m[Kdouble ClientNode::y_[m[Kâ€™
[1.932s]    40 |     double x_, y_[01;31m[K,[m[K z_;
[1.932s]       |                  [01;31m[K^[m[K
[1.932s] [01m[K/home/yong/ws_kari/ROS2_Test/src/srv_test/src/client.cpp:15:16:[m[K [01;36m[Knote: [m[Kprevious declaration â€˜[01m[Kdouble ClientNode::y_[m[Kâ€™
[1.932s]    15 |     double x_, [01;36m[Ky_[m[K, z_;
[1.932s]       |                [01;36m[K^~[m[K
[1.932s] [01m[K/home/yong/ws_kari/ROS2_Test/src/srv_test/src/client.cpp:40:20:[m[K [01;31m[Kerror: [m[Kredeclaration of â€˜[01m[Kdouble ClientNode::z_[m[Kâ€™
[1.932s]    40 |     double x_, y_, [01;31m[Kz_[m[K;
[1.932s]       |                    [01;31m[K^~[m[K
[1.932s] [01m[K/home/yong/ws_kari/ROS2_Test/src/srv_test/src/client.cpp:15:20:[m[K [01;36m[Knote: [m[Kprevious declaration â€˜[01m[Kdouble ClientNode::z_[m[Kâ€™
[1.932s]    15 |     double x_, y_, [01;36m[Kz_[m[K;
[1.932s]       |                    [01;36m[K^~[m[K
[2.717s] gmake[2]: *** [CMakeFiles/client.dir/build.make:76: CMakeFiles/client.dir/src/client.cpp.o] Error 1
[2.717s] gmake[1]: *** [CMakeFiles/Makefile2:169: CMakeFiles/client.dir/all] Error 2
[2.717s] gmake: *** [Makefile:146: all] Error 2
[2.720s] Invoked command in '/home/yong/ws_kari/ROS2_Test/build/srv_test' returned '2': AMENT_PREFIX_PATH=/home/yong/ws_kari/ROS2_Test/install/custom_interfaces:${AMENT_PREFIX_PATH} CMAKE_PREFIX_PATH=/home/yong/ws_kari/ROS2_Test/install/custom_interfaces:/opt/ros/humble LD_LIBRARY_PATH=/home/yong/ws_kari/ROS2_Test/install/custom_interfaces/lib:${LD_LIBRARY_PATH} PYTHONPATH=/home/yong/ws_kari/ROS2_Test/install/custom_interfaces/local/lib/python3.10/dist-packages:${PYTHONPATH} /usr/bin/cmake --build /home/yong/ws_kari/ROS2_Test/build/srv_test -- -j16 -l16
