[0.161s] Invoking command in '/home/yong/ws_kari/ROS2_Test/build/custom_interfaces': CMAKE_PREFIX_PATH=${CMAKE_PREFIX_PATH}:/opt/ros/humble /usr/bin/cmake --build /home/yong/ws_kari/ROS2_Test/build/custom_interfaces -- -j16 -l16
[0.184s] -- Found ament_cmake: 1.3.7 (/opt/ros/humble/share/ament_cmake/cmake)
[0.331s] -- Override CMake install command with custom implementation using symlinks instead of copying resources
[0.337s] -- Found rclcpp: 16.0.8 (/opt/ros/humble/share/rclcpp/cmake)
[0.365s] -- Found rosidl_generator_c: 3.1.5 (/opt/ros/humble/share/rosidl_generator_c/cmake)
[0.368s] -- Found rosidl_adapter: 3.1.5 (/opt/ros/humble/share/rosidl_adapter/cmake)
[0.373s] -- Found rosidl_generator_cpp: 3.1.5 (/opt/ros/humble/share/rosidl_generator_cpp/cmake)
[0.383s] -- Using all available rosidl_typesupport_c: rosidl_typesupport_fastrtps_c;rosidl_typesupport_introspection_c
[0.397s] -- Using all available rosidl_typesupport_cpp: rosidl_typesupport_fastrtps_cpp;rosidl_typesupport_introspection_cpp
[0.448s] -- Found rmw_implementation_cmake: 6.1.1 (/opt/ros/humble/share/rmw_implementation_cmake/cmake)
[0.449s] -- Found rmw_fastrtps_cpp: 6.2.6 (/opt/ros/humble/share/rmw_fastrtps_cpp/cmake)
[0.576s] -- Using RMW implementation 'rmw_fastrtps_cpp' as default
[0.709s] -- Found rosidl_default_generators: 1.2.0 (/opt/ros/humble/share/rosidl_default_generators/cmake)
[0.862s] [31mCMake Error at /opt/ros/humble/share/rosidl_adapter/cmake/rosidl_adapt_interfaces.cmake:59 (message):
[0.863s]   execute_process(/usr/bin/python3.10 -m rosidl_adapter --package-name
[0.863s]   custom_interfaces --arguments-file
[0.863s]   /home/yong/ws_kari/ROS2_Test/build/custom_interfaces/rosidl_adapter__arguments__custom_interfaces.json
[0.863s]   --output-dir
[0.863s]   /home/yong/ws_kari/ROS2_Test/build/custom_interfaces/rosidl_adapter/custom_interfaces
[0.863s]   --output-file
[0.863s]   /home/yong/ws_kari/ROS2_Test/build/custom_interfaces/rosidl_adapter/custom_interfaces.idls)
[0.863s]   returned error code 1:
[0.863s] 
[0.863s]   Traceback (most recent call last):
[0.863s] 
[0.863s]     File "/usr/lib/python3.10/runpy.py", line 196, in _run_module_as_main
[0.863s]       return _run_code(code, main_globals, None,
[0.863s]     File "/usr/lib/python3.10/runpy.py", line 86, in _run_code
[0.863s]       exec(code, run_globals)
[0.863s]     File "/opt/ros/humble/local/lib/python3.10/dist-packages/rosidl_adapter/__main__.py", line 19, in <module>
[0.863s]       sys.exit(main())
[0.863s]     File "/opt/ros/humble/local/lib/python3.10/dist-packages/rosidl_adapter/main.py", line 53, in main
[0.863s]       abs_idl_file = convert_to_idl(
[0.864s]     File "/opt/ros/humble/local/lib/python3.10/dist-packages/rosidl_adapter/__init__.py", line 19, in convert_to_idl
[0.864s]       return convert_msg_to_idl(
[0.864s]     File "/opt/ros/humble/local/lib/python3.10/dist-packages/rosidl_adapter/msg/__init__.py", line 28, in convert_msg_to_idl
[0.864s]       msg = parse_message_string(package_name, input_file.stem, content)
[0.864s]     File "/opt/ros/humble/local/lib/python3.10/dist-packages/rosidl_adapter/parser.py", line 544, in parse_message_string
[0.864s]       msg = MessageSpecification(pkg_name, msg_name, fields, constants)
[0.864s]     File "/opt/ros/humble/local/lib/python3.10/dist-packages/rosidl_adapter/parser.py", line 388, in __init__
[0.864s]       self.base_type = BaseType(
[0.864s]     File "/opt/ros/humble/local/lib/python3.10/dist-packages/rosidl_adapter/parser.py", line 205, in __init__
[0.864s]       raise InvalidResourceName(
[0.864s] 
[0.864s]   rosidl_adapter.parser.InvalidResourceName: 'status' is an invalid message
[0.864s]   name.  It should have the pattern '^[A-Z][A-Za-z0-9]*$'
[0.864s] 
[0.864s] Call Stack (most recent call first):
[0.864s]   /opt/ros/humble/share/rosidl_cmake/cmake/rosidl_generate_interfaces.cmake:130 (rosidl_adapt_interfaces)
[0.864s]   CMakeLists.txt:17 (rosidl_generate_interfaces)
[0.864s] 
[0.864s] [0m
[0.864s] -- Configuring incomplete, errors occurred!
[0.865s] See also "/home/yong/ws_kari/ROS2_Test/build/custom_interfaces/CMakeFiles/CMakeOutput.log".
[0.871s] gmake: *** [Makefile:747: cmake_check_build_system] Error 1
[0.873s] Invoked command in '/home/yong/ws_kari/ROS2_Test/build/custom_interfaces' returned '2': CMAKE_PREFIX_PATH=${CMAKE_PREFIX_PATH}:/opt/ros/humble /usr/bin/cmake --build /home/yong/ws_kari/ROS2_Test/build/custom_interfaces -- -j16 -l16
